<?xml version="1.0" encoding="UTF-8"?>
<!-- Generated by org.testng.reporters.JUnitReportReporter -->
<testsuite skipped="0" hostname="LAPTOP-V8SO2UPM" name="dec28.Testng_Demo1" tests="4" failures="0" timestamp="28 Dec 2019 16:32:22 GMT" time="24.307" errors="0">
  <testcase name="hotels" time="6.054" classname="dec28.Testng_Demo1"/>
  <testcase name="Register" time="6.056" classname="dec28.Testng_Demo1"/>
  <testcase name="signon" time="6.005" classname="dec28.Testng_Demo1"/>
  <testcase name="Register" time="6.192" classname="dec28.Testng_Demo1"/>
</testsuite> <!-- dec28.Testng_Demo1 -->
