<?xml version="1.0" encoding="UTF-8"?>
<!-- Generated by org.testng.reporters.JUnitReportReporter -->
<testsuite skipped="0" hostname="LAPTOP-V8SO2UPM" name="dec28.Screenshot" tests="1" failures="0" timestamp="28 Dec 2019 17:06:06 GMT" time="12.231" errors="0">
  <testcase name="screenshot" time="12.231" classname="dec28.Screenshot"/>
</testsuite> <!-- dec28.Screenshot -->
