<?xml version="1.0" encoding="UTF-8"?>
<!-- Generated by org.testng.reporters.JUnitReportReporter -->
<testsuite skipped="0" hostname="LAPTOP-V8SO2UPM" name="dec26ng.NewTest" tests="3" failures="0" timestamp="26 Dec 2019 16:36:57 GMT" time="0.006" errors="0">
  <testcase name="login" time="0.001" classname="dec26ng.NewTest"/>
  <testcase name="reply" time="0.001" classname="dec26ng.NewTest"/>
  <testcase name="compose" time="0.004" classname="dec26ng.NewTest"/>
</testsuite> <!-- dec26ng.NewTest -->
